<?xml version="1.0" encoding="UTF-8"?>
<testng-results ignored="8" total="48" passed="39" failed="1" skipped="0">
  <reporter-output>
  </reporter-output>
  <suite started-at="2021-09-07T20:15:05 IST" name="Suite" finished-at="2021-09-07T20:22:23 IST" duration-ms="438423">
    <groups>
    </groups>
    <test started-at="2021-09-07T20:15:05 IST" name="Test" finished-at="2021-09-07T20:22:23 IST" duration-ms="438423">
      <class name="main.java.utility.Projectcommonmethodes">
        <test-method is-config="true" signature="beforeSuite()[pri:0, instance:main.java.utility.Projectcommonmethodes@20ccf40b]" started-at="2021-09-07T20:15:04 IST" name="beforeSuite" finished-at="2021-09-07T20:15:05 IST" duration-ms="343" status="PASS">
          <reporter-output>
          </reporter-output>
        </test-method> <!-- beforeSuite -->
        <test-method is-config="true" signature="beforeTest()[pri:0, instance:main.java.utility.Projectcommonmethodes@20ccf40b]" started-at="2021-09-07T20:15:05 IST" name="beforeTest" finished-at="2021-09-07T20:15:05 IST" duration-ms="30" status="PASS">
          <reporter-output>
          </reporter-output>
        </test-method> <!-- beforeTest -->
        <test-method is-config="true" signature="afterTest()[pri:0, instance:main.java.utility.Projectcommonmethodes@20ccf40b]" started-at="2021-09-07T20:22:23 IST" name="afterTest" finished-at="2021-09-07T20:22:23 IST" duration-ms="71" status="PASS">
          <reporter-output>
          </reporter-output>
        </test-method> <!-- afterTest -->
        <test-method is-config="true" signature="afterSuite()[pri:0, instance:main.java.utility.Projectcommonmethodes@20ccf40b]" started-at="2021-09-07T20:22:23 IST" name="afterSuite" finished-at="2021-09-07T20:22:44 IST" duration-ms="21166" status="PASS">
          <reporter-output>
          </reporter-output>
        </test-method> <!-- afterSuite -->
      </class> <!-- main.java.utility.Projectcommonmethodes -->
      <class name="main.java.utility.invokeapp">
        <test-method is-config="true" signature="getbrowser()[pri:0, instance:main.java.utility.invokeapp@2fb3536e]" started-at="2021-09-07T20:15:05 IST" name="getbrowser" finished-at="2021-09-07T20:15:05 IST" duration-ms="338" status="PASS">
          <reporter-output>
          </reporter-output>
        </test-method> <!-- getbrowser -->
        <test-method is-config="true" signature="beforeMethod()[pri:0, instance:main.java.utility.invokeapp@2fb3536e]" started-at="2021-09-07T20:15:05 IST" name="beforeMethod" finished-at="2021-09-07T20:15:05 IST" duration-ms="7" status="PASS">
          <reporter-output>
          </reporter-output>
        </test-method> <!-- beforeMethod -->
        <test-method signature="TestCase(java.lang.String, java.lang.String, java.lang.String, java.lang.String, java.lang.String)[pri:0, instance:main.java.utility.invokeapp@2fb3536e]" started-at="2021-09-07T20:15:05 IST" name="TestCase" data-provider="fetchData" finished-at="2021-09-07T20:15:05 IST" duration-ms="29" status="PASS">
          <params>
            <param index="0">
              <value>
                <![CDATA[TC001]]>
              </value>
            </param>
            <param index="1">
              <value>
                <![CDATA[To verify whether user is able to find a dealer and navigate to getdirection,Test drive]]>
              </value>
            </param>
            <param index="2">
              <value>
                <![CDATA[NO]]>
              </value>
            </param>
            <param index="3">
              <value>
                <![CDATA[]]>
              </value>
            </param>
            <param index="4">
              <value>
                <![CDATA[]]>
              </value>
            </param>
          </params>
          <reporter-output>
          </reporter-output>
        </test-method> <!-- TestCase -->
        <test-method is-config="true" signature="afterMethod()[pri:0, instance:main.java.utility.invokeapp@2fb3536e]" started-at="2021-09-07T20:15:05 IST" name="afterMethod" finished-at="2021-09-07T20:15:06 IST" duration-ms="521" status="PASS">
          <reporter-output>
          </reporter-output>
        </test-method> <!-- afterMethod -->
        <test-method is-config="true" signature="beforeMethod()[pri:0, instance:main.java.utility.invokeapp@2fb3536e]" started-at="2021-09-07T20:15:06 IST" name="beforeMethod" finished-at="2021-09-07T20:15:06 IST" duration-ms="10" status="PASS">
          <reporter-output>
          </reporter-output>
        </test-method> <!-- beforeMethod -->
        <test-method signature="TestCase(java.lang.String, java.lang.String, java.lang.String, java.lang.String, java.lang.String)[pri:0, instance:main.java.utility.invokeapp@2fb3536e]" started-at="2021-09-07T20:15:06 IST" name="TestCase" data-provider="fetchData" finished-at="2021-09-07T20:15:06 IST" duration-ms="2" status="PASS">
          <params>
            <param index="0">
              <value>
                <![CDATA[TC002]]>
              </value>
            </param>
            <param index="1">
              <value>
                <![CDATA[To verify whether user is able to Find a Dealer and Navigate to ShopperAssurance,CarCarea and Test Drive]]>
              </value>
            </param>
            <param index="2">
              <value>
                <![CDATA[NO]]>
              </value>
            </param>
            <param index="3">
              <value>
                <![CDATA[]]>
              </value>
            </param>
            <param index="4">
              <value>
                <![CDATA[]]>
              </value>
            </param>
          </params>
          <reporter-output>
          </reporter-output>
        </test-method> <!-- TestCase -->
        <test-method is-config="true" signature="afterMethod()[pri:0, instance:main.java.utility.invokeapp@2fb3536e]" started-at="2021-09-07T20:15:06 IST" name="afterMethod" finished-at="2021-09-07T20:15:06 IST" duration-ms="122" status="PASS">
          <reporter-output>
          </reporter-output>
        </test-method> <!-- afterMethod -->
        <test-method is-config="true" signature="beforeMethod()[pri:0, instance:main.java.utility.invokeapp@2fb3536e]" started-at="2021-09-07T20:15:06 IST" name="beforeMethod" finished-at="2021-09-07T20:15:06 IST" duration-ms="10" status="PASS">
          <reporter-output>
          </reporter-output>
        </test-method> <!-- beforeMethod -->
        <test-method signature="TestCase(java.lang.String, java.lang.String, java.lang.String, java.lang.String, java.lang.String)[pri:0, instance:main.java.utility.invokeapp@2fb3536e]" started-at="2021-09-07T20:15:06 IST" name="TestCase" data-provider="fetchData" finished-at="2021-09-07T20:15:06 IST" duration-ms="3" status="PASS">
          <params>
            <param index="0">
              <value>
                <![CDATA[TC003]]>
              </value>
            </param>
            <param index="1">
              <value>
                <![CDATA[To Verify whether user is able to Find a Dealer and to Find more dealers list are displaying after clicking on Show more Dealer Ships link]]>
              </value>
            </param>
            <param index="2">
              <value>
                <![CDATA[NO]]>
              </value>
            </param>
            <param index="3">
              <value>
                <![CDATA[]]>
              </value>
            </param>
            <param index="4">
              <value>
                <![CDATA[]]>
              </value>
            </param>
          </params>
          <reporter-output>
          </reporter-output>
        </test-method> <!-- TestCase -->
        <test-method is-config="true" signature="afterMethod()[pri:0, instance:main.java.utility.invokeapp@2fb3536e]" started-at="2021-09-07T20:15:06 IST" name="afterMethod" finished-at="2021-09-07T20:15:06 IST" duration-ms="90" status="PASS">
          <reporter-output>
          </reporter-output>
        </test-method> <!-- afterMethod -->
        <test-method is-config="true" signature="beforeMethod()[pri:0, instance:main.java.utility.invokeapp@2fb3536e]" started-at="2021-09-07T20:15:06 IST" name="beforeMethod" finished-at="2021-09-07T20:15:06 IST" duration-ms="8" status="PASS">
          <reporter-output>
          </reporter-output>
        </test-method> <!-- beforeMethod -->
        <test-method signature="TestCase(java.lang.String, java.lang.String, java.lang.String, java.lang.String, java.lang.String)[pri:0, instance:main.java.utility.invokeapp@2fb3536e]" started-at="2021-09-07T20:15:06 IST" name="TestCase" data-provider="fetchData" finished-at="2021-09-07T20:15:06 IST" duration-ms="2" status="PASS">
          <params>
            <param index="0">
              <value>
                <![CDATA[TC004]]>
              </value>
            </param>
            <param index="1">
              <value>
                <![CDATA[To verify the search Inventory vehicle model page]]>
              </value>
            </param>
            <param index="2">
              <value>
                <![CDATA[NO]]>
              </value>
            </param>
            <param index="3">
              <value>
                <![CDATA[]]>
              </value>
            </param>
            <param index="4">
              <value>
                <![CDATA[]]>
              </value>
            </param>
          </params>
          <reporter-output>
          </reporter-output>
        </test-method> <!-- TestCase -->
        <test-method is-config="true" signature="afterMethod()[pri:0, instance:main.java.utility.invokeapp@2fb3536e]" started-at="2021-09-07T20:15:06 IST" name="afterMethod" finished-at="2021-09-07T20:15:06 IST" duration-ms="65" status="PASS">
          <reporter-output>
          </reporter-output>
        </test-method> <!-- afterMethod -->
        <test-method is-config="true" signature="beforeMethod()[pri:0, instance:main.java.utility.invokeapp@2fb3536e]" started-at="2021-09-07T20:15:06 IST" name="beforeMethod" finished-at="2021-09-07T20:15:06 IST" duration-ms="4" status="PASS">
          <reporter-output>
          </reporter-output>
        </test-method> <!-- beforeMethod -->
        <test-method signature="TestCase(java.lang.String, java.lang.String, java.lang.String, java.lang.String, java.lang.String)[pri:0, instance:main.java.utility.invokeapp@2fb3536e]" started-at="2021-09-07T20:15:06 IST" name="TestCase" data-provider="fetchData" finished-at="2021-09-07T20:15:06 IST" duration-ms="1" status="PASS">
          <params>
            <param index="0">
              <value>
                <![CDATA[TC005]]>
              </value>
            </param>
            <param index="1">
              <value>
                <![CDATA[To verify the search Inventory vehicle results page]]>
              </value>
            </param>
            <param index="2">
              <value>
                <![CDATA[NO]]>
              </value>
            </param>
            <param index="3">
              <value>
                <![CDATA[]]>
              </value>
            </param>
            <param index="4">
              <value>
                <![CDATA[]]>
              </value>
            </param>
          </params>
          <reporter-output>
          </reporter-output>
        </test-method> <!-- TestCase -->
        <test-method is-config="true" signature="afterMethod()[pri:0, instance:main.java.utility.invokeapp@2fb3536e]" started-at="2021-09-07T20:15:06 IST" name="afterMethod" finished-at="2021-09-07T20:15:06 IST" duration-ms="53" status="PASS">
          <reporter-output>
          </reporter-output>
        </test-method> <!-- afterMethod -->
        <test-method is-config="true" signature="beforeMethod()[pri:0, instance:main.java.utility.invokeapp@2fb3536e]" started-at="2021-09-07T20:15:06 IST" name="beforeMethod" finished-at="2021-09-07T20:15:45 IST" duration-ms="39170" status="PASS">
          <reporter-output>
          </reporter-output>
        </test-method> <!-- beforeMethod -->
        <test-method signature="TestCase(java.lang.String, java.lang.String, java.lang.String, java.lang.String, java.lang.String)[pri:0, instance:main.java.utility.invokeapp@2fb3536e]" started-at="2021-09-07T20:15:45 IST" name="TestCase" data-provider="fetchData" finished-at="2021-09-07T20:22:19 IST" duration-ms="393438" status="FAIL">
          <params>
            <param index="0">
              <value>
                <![CDATA[TC006]]>
              </value>
            </param>
            <param index="1">
              <value>
                <![CDATA[To verify the search Inventory vehicle details page]]>
              </value>
            </param>
            <param index="2">
              <value>
                <![CDATA[YES]]>
              </value>
            </param>
            <param index="3">
              <value>
                <![CDATA[]]>
              </value>
            </param>
            <param index="4">
              <value>
                <![CDATA[]]>
              </value>
            </param>
          </params>
          <exception class="java.lang.RuntimeException">
            <message>
              <![CDATA[FAILED]]>
            </message>
            <full-stacktrace>
              <![CDATA[java.lang.RuntimeException: FAILED
at main.java.utility.Reporter.reportStep(Reporter.java:80)
at main.java.utility.Reporter.reportStep(Reporter.java:91)
at main.java.commonComponents.Commoncomponents.clickByXpath(Commoncomponents.java:331)
at main.java.pagesobject.Search_Inventory.vehicleResult(Search_Inventory.java:151)
at main.java.testcase.Testcase.getsetData(Testcase.java:50)
at main.java.utility.invokeapp.TestCase(invokeapp.java:25)
at java.base/jdk.internal.reflect.NativeMethodAccessorImpl.invoke0(Native Method)
at java.base/jdk.internal.reflect.NativeMethodAccessorImpl.invoke(NativeMethodAccessorImpl.java:64)
at java.base/jdk.internal.reflect.DelegatingMethodAccessorImpl.invoke(DelegatingMethodAccessorImpl.java:43)
at java.base/java.lang.reflect.Method.invoke(Method.java:564)
at org.testng.internal.MethodInvocationHelper.invokeMethod(MethodInvocationHelper.java:132)
at org.testng.internal.TestInvoker.invokeMethod(TestInvoker.java:599)
at org.testng.internal.TestInvoker.invokeTestMethod(TestInvoker.java:174)
at org.testng.internal.MethodRunner.runInSequence(MethodRunner.java:46)
at org.testng.internal.TestInvoker$MethodInvocationAgent.invoke(TestInvoker.java:822)
at org.testng.internal.TestInvoker.invokeTestMethods(TestInvoker.java:147)
at org.testng.internal.TestMethodWorker.invokeTestMethods(TestMethodWorker.java:146)
at org.testng.internal.TestMethodWorker.run(TestMethodWorker.java:128)
at java.base/java.util.ArrayList.forEach(ArrayList.java:1511)
at org.testng.TestRunner.privateRun(TestRunner.java:764)
at org.testng.TestRunner.run(TestRunner.java:585)
at org.testng.SuiteRunner.runTest(SuiteRunner.java:384)
at org.testng.SuiteRunner.runSequentially(SuiteRunner.java:378)
at org.testng.SuiteRunner.privateRun(SuiteRunner.java:337)
at org.testng.SuiteRunner.run(SuiteRunner.java:286)
at org.testng.SuiteRunnerWorker.runSuite(SuiteRunnerWorker.java:53)
at org.testng.SuiteRunnerWorker.run(SuiteRunnerWorker.java:96)
at org.testng.TestNG.runSuitesSequentially(TestNG.java:1218)
at org.testng.TestNG.runSuitesLocally(TestNG.java:1140)
at org.testng.TestNG.runSuites(TestNG.java:1069)
at org.testng.TestNG.run(TestNG.java:1037)
at org.testng.remote.AbstractRemoteTestNG.run(AbstractRemoteTestNG.java:115)
at org.testng.remote.RemoteTestNG.initAndRun(RemoteTestNG.java:251)
at org.testng.remote.RemoteTestNG.main(RemoteTestNG.java:77)
]]>
            </full-stacktrace>
          </exception> <!-- java.lang.RuntimeException -->
          <reporter-output>
          </reporter-output>
        </test-method> <!-- TestCase -->
        <test-method is-config="true" signature="afterMethod()[pri:0, instance:main.java.utility.invokeapp@2fb3536e]" started-at="2021-09-07T20:22:19 IST" name="afterMethod" finished-at="2021-09-07T20:22:20 IST" duration-ms="1356" status="PASS">
          <reporter-output>
          </reporter-output>
        </test-method> <!-- afterMethod -->
        <test-method is-config="true" signature="beforeMethod()[pri:0, instance:main.java.utility.invokeapp@2fb3536e]" started-at="2021-09-07T20:22:20 IST" name="beforeMethod" finished-at="2021-09-07T20:22:20 IST" duration-ms="46" status="PASS">
          <reporter-output>
          </reporter-output>
        </test-method> <!-- beforeMethod -->
        <test-method signature="TestCase(java.lang.String, java.lang.String, java.lang.String, java.lang.String, java.lang.String)[pri:0, instance:main.java.utility.invokeapp@2fb3536e]" started-at="2021-09-07T20:22:20 IST" name="TestCase" data-provider="fetchData" finished-at="2021-09-07T20:22:20 IST" duration-ms="4" status="PASS">
          <params>
            <param index="0">
              <value>
                <![CDATA[TC007]]>
              </value>
            </param>
            <param index="1">
              <value>
                <![CDATA[To verify whehther user is able to submit the Request a quote form in search Inventory page]]>
              </value>
            </param>
            <param index="2">
              <value>
                <![CDATA[NO]]>
              </value>
            </param>
            <param index="3">
              <value>
                <![CDATA[]]>
              </value>
            </param>
            <param index="4">
              <value>
                <![CDATA[]]>
              </value>
            </param>
          </params>
          <reporter-output>
          </reporter-output>
        </test-method> <!-- TestCase -->
        <test-method is-config="true" signature="afterMethod()[pri:0, instance:main.java.utility.invokeapp@2fb3536e]" started-at="2021-09-07T20:22:20 IST" name="afterMethod" finished-at="2021-09-07T20:22:20 IST" duration-ms="113" status="PASS">
          <reporter-output>
          </reporter-output>
        </test-method> <!-- afterMethod -->
        <test-method is-config="true" signature="beforeMethod()[pri:0, instance:main.java.utility.invokeapp@2fb3536e]" started-at="2021-09-07T20:22:20 IST" name="beforeMethod" finished-at="2021-09-07T20:22:20 IST" duration-ms="35" status="PASS">
          <reporter-output>
          </reporter-output>
        </test-method> <!-- beforeMethod -->
        <test-method signature="TestCase(java.lang.String, java.lang.String, java.lang.String, java.lang.String, java.lang.String)[pri:0, instance:main.java.utility.invokeapp@2fb3536e]" started-at="2021-09-07T20:22:20 IST" name="TestCase" data-provider="fetchData" finished-at="2021-09-07T20:22:20 IST" duration-ms="1" status="PASS">
          <params>
            <param index="0">
              <value>
                <![CDATA[TC008]]>
              </value>
            </param>
            <param index="1">
              <value>
                <![CDATA[To verify whether user is able to select vehicle details in Build Your landing  page for Venue ]]>
              </value>
            </param>
            <param index="2">
              <value>
                <![CDATA[NO]]>
              </value>
            </param>
            <param index="3">
              <value>
                <![CDATA[]]>
              </value>
            </param>
            <param index="4">
              <value>
                <![CDATA[]]>
              </value>
            </param>
          </params>
          <reporter-output>
          </reporter-output>
        </test-method> <!-- TestCase -->
        <test-method is-config="true" signature="afterMethod()[pri:0, instance:main.java.utility.invokeapp@2fb3536e]" started-at="2021-09-07T20:22:20 IST" name="afterMethod" finished-at="2021-09-07T20:22:20 IST" duration-ms="51" status="PASS">
          <reporter-output>
          </reporter-output>
        </test-method> <!-- afterMethod -->
        <test-method is-config="true" signature="beforeMethod()[pri:0, instance:main.java.utility.invokeapp@2fb3536e]" started-at="2021-09-07T20:22:20 IST" name="beforeMethod" finished-at="2021-09-07T20:22:20 IST" duration-ms="24" status="PASS">
          <reporter-output>
          </reporter-output>
        </test-method> <!-- beforeMethod -->
        <test-method signature="TestCase(java.lang.String, java.lang.String, java.lang.String, java.lang.String, java.lang.String)[pri:0, instance:main.java.utility.invokeapp@2fb3536e]" started-at="2021-09-07T20:22:20 IST" name="TestCase" data-provider="fetchData" finished-at="2021-09-07T20:22:20 IST" duration-ms="1" status="PASS">
          <params>
            <param index="0">
              <value>
                <![CDATA[TC009]]>
              </value>
            </param>
            <param index="1">
              <value>
                <![CDATA[To verify the Build and Price summary page for Kona]]>
              </value>
            </param>
            <param index="2">
              <value>
                <![CDATA[NO]]>
              </value>
            </param>
            <param index="3">
              <value>
                <![CDATA[]]>
              </value>
            </param>
            <param index="4">
              <value>
                <![CDATA[]]>
              </value>
            </param>
          </params>
          <reporter-output>
          </reporter-output>
        </test-method> <!-- TestCase -->
        <test-method is-config="true" signature="afterMethod()[pri:0, instance:main.java.utility.invokeapp@2fb3536e]" started-at="2021-09-07T20:22:20 IST" name="afterMethod" finished-at="2021-09-07T20:22:20 IST" duration-ms="51" status="PASS">
          <reporter-output>
          </reporter-output>
        </test-method> <!-- afterMethod -->
        <test-method is-config="true" signature="beforeMethod()[pri:0, instance:main.java.utility.invokeapp@2fb3536e]" started-at="2021-09-07T20:22:20 IST" name="beforeMethod" finished-at="2021-09-07T20:22:20 IST" duration-ms="32" status="PASS">
          <reporter-output>
          </reporter-output>
        </test-method> <!-- beforeMethod -->
        <test-method signature="TestCase(java.lang.String, java.lang.String, java.lang.String, java.lang.String, java.lang.String)[pri:0, instance:main.java.utility.invokeapp@2fb3536e]" started-at="2021-09-07T20:22:20 IST" name="TestCase" data-provider="fetchData" finished-at="2021-09-07T20:22:20 IST" duration-ms="1" status="PASS">
          <params>
            <param index="0">
              <value>
                <![CDATA[TC010]]>
              </value>
            </param>
            <param index="1">
              <value>
                <![CDATA[To verify whether user is able to perform build and request a quote for KONA electric]]>
              </value>
            </param>
            <param index="2">
              <value>
                <![CDATA[NO]]>
              </value>
            </param>
            <param index="3">
              <value>
                <![CDATA[]]>
              </value>
            </param>
            <param index="4">
              <value>
                <![CDATA[]]>
              </value>
            </param>
          </params>
          <reporter-output>
          </reporter-output>
        </test-method> <!-- TestCase -->
        <test-method is-config="true" signature="afterMethod()[pri:0, instance:main.java.utility.invokeapp@2fb3536e]" started-at="2021-09-07T20:22:20 IST" name="afterMethod" finished-at="2021-09-07T20:22:20 IST" duration-ms="47" status="PASS">
          <reporter-output>
          </reporter-output>
        </test-method> <!-- afterMethod -->
        <test-method is-config="true" signature="beforeMethod()[pri:0, instance:main.java.utility.invokeapp@2fb3536e]" started-at="2021-09-07T20:22:20 IST" name="beforeMethod" finished-at="2021-09-07T20:22:20 IST" duration-ms="31" status="PASS">
          <reporter-output>
          </reporter-output>
        </test-method> <!-- beforeMethod -->
        <test-method signature="TestCase(java.lang.String, java.lang.String, java.lang.String, java.lang.String, java.lang.String)[pri:0, instance:main.java.utility.invokeapp@2fb3536e]" started-at="2021-09-07T20:22:20 IST" name="TestCase" data-provider="fetchData" finished-at="2021-09-07T20:22:20 IST" duration-ms="1" status="PASS">
          <params>
            <param index="0">
              <value>
                <![CDATA[TC011]]>
              </value>
            </param>
            <param index="1">
              <value>
                <![CDATA[To verify whether user is able to select vehicle details in Build Your landing  page for Tucson ]]>
              </value>
            </param>
            <param index="2">
              <value>
                <![CDATA[NO]]>
              </value>
            </param>
            <param index="3">
              <value>
                <![CDATA[]]>
              </value>
            </param>
            <param index="4">
              <value>
                <![CDATA[]]>
              </value>
            </param>
          </params>
          <reporter-output>
          </reporter-output>
        </test-method> <!-- TestCase -->
        <test-method is-config="true" signature="afterMethod()[pri:0, instance:main.java.utility.invokeapp@2fb3536e]" started-at="2021-09-07T20:22:20 IST" name="afterMethod" finished-at="2021-09-07T20:22:20 IST" duration-ms="45" status="PASS">
          <reporter-output>
          </reporter-output>
        </test-method> <!-- afterMethod -->
        <test-method is-config="true" signature="beforeMethod()[pri:0, instance:main.java.utility.invokeapp@2fb3536e]" started-at="2021-09-07T20:22:20 IST" name="beforeMethod" finished-at="2021-09-07T20:22:20 IST" duration-ms="21" status="PASS">
          <reporter-output>
          </reporter-output>
        </test-method> <!-- beforeMethod -->
        <test-method signature="TestCase(java.lang.String, java.lang.String, java.lang.String, java.lang.String, java.lang.String)[pri:0, instance:main.java.utility.invokeapp@2fb3536e]" started-at="2021-09-07T20:22:20 IST" name="TestCase" data-provider="fetchData" finished-at="2021-09-07T20:22:20 IST" duration-ms="1" status="PASS">
          <params>
            <param index="0">
              <value>
                <![CDATA[TC012]]>
              </value>
            </param>
            <param index="1">
              <value>
                <![CDATA[To verify the Build and Price summary page for SANTAFE]]>
              </value>
            </param>
            <param index="2">
              <value>
                <![CDATA[NO]]>
              </value>
            </param>
            <param index="3">
              <value>
                <![CDATA[]]>
              </value>
            </param>
            <param index="4">
              <value>
                <![CDATA[]]>
              </value>
            </param>
          </params>
          <reporter-output>
          </reporter-output>
        </test-method> <!-- TestCase -->
        <test-method is-config="true" signature="afterMethod()[pri:0, instance:main.java.utility.invokeapp@2fb3536e]" started-at="2021-09-07T20:22:20 IST" name="afterMethod" finished-at="2021-09-07T20:22:20 IST" duration-ms="43" status="PASS">
          <reporter-output>
          </reporter-output>
        </test-method> <!-- afterMethod -->
        <test-method is-config="true" signature="beforeMethod()[pri:0, instance:main.java.utility.invokeapp@2fb3536e]" started-at="2021-09-07T20:22:20 IST" name="beforeMethod" finished-at="2021-09-07T20:22:21 IST" duration-ms="29" status="PASS">
          <reporter-output>
          </reporter-output>
        </test-method> <!-- beforeMethod -->
        <test-method signature="TestCase(java.lang.String, java.lang.String, java.lang.String, java.lang.String, java.lang.String)[pri:0, instance:main.java.utility.invokeapp@2fb3536e]" started-at="2021-09-07T20:22:21 IST" name="TestCase" data-provider="fetchData" finished-at="2021-09-07T20:22:21 IST" duration-ms="1" status="PASS">
          <params>
            <param index="0">
              <value>
                <![CDATA[TC013]]>
              </value>
            </param>
            <param index="1">
              <value>
                <![CDATA[To verify whether user is able to perform build and request a quote for PALISADE]]>
              </value>
            </param>
            <param index="2">
              <value>
                <![CDATA[NO]]>
              </value>
            </param>
            <param index="3">
              <value>
                <![CDATA[]]>
              </value>
            </param>
            <param index="4">
              <value>
                <![CDATA[]]>
              </value>
            </param>
          </params>
          <reporter-output>
          </reporter-output>
        </test-method> <!-- TestCase -->
        <test-method is-config="true" signature="afterMethod()[pri:0, instance:main.java.utility.invokeapp@2fb3536e]" started-at="2021-09-07T20:22:21 IST" name="afterMethod" finished-at="2021-09-07T20:22:21 IST" duration-ms="49" status="PASS">
          <reporter-output>
          </reporter-output>
        </test-method> <!-- afterMethod -->
        <test-method is-config="true" signature="beforeMethod()[pri:0, instance:main.java.utility.invokeapp@2fb3536e]" started-at="2021-09-07T20:22:21 IST" name="beforeMethod" finished-at="2021-09-07T20:22:21 IST" duration-ms="21" status="PASS">
          <reporter-output>
          </reporter-output>
        </test-method> <!-- beforeMethod -->
        <test-method signature="TestCase(java.lang.String, java.lang.String, java.lang.String, java.lang.String, java.lang.String)[pri:0, instance:main.java.utility.invokeapp@2fb3536e]" started-at="2021-09-07T20:22:21 IST" name="TestCase" data-provider="fetchData" finished-at="2021-09-07T20:22:21 IST" duration-ms="1" status="PASS">
          <params>
            <param index="0">
              <value>
                <![CDATA[TC014]]>
              </value>
            </param>
            <param index="1">
              <value>
                <![CDATA[To verify whether user is able to select vehicle details in Build Your landing  page for NEXOFuelCell ]]>
              </value>
            </param>
            <param index="2">
              <value>
                <![CDATA[NO]]>
              </value>
            </param>
            <param index="3">
              <value>
                <![CDATA[]]>
              </value>
            </param>
            <param index="4">
              <value>
                <![CDATA[]]>
              </value>
            </param>
          </params>
          <reporter-output>
          </reporter-output>
        </test-method> <!-- TestCase -->
        <test-method is-config="true" signature="afterMethod()[pri:0, instance:main.java.utility.invokeapp@2fb3536e]" started-at="2021-09-07T20:22:21 IST" name="afterMethod" finished-at="2021-09-07T20:22:21 IST" duration-ms="35" status="PASS">
          <reporter-output>
          </reporter-output>
        </test-method> <!-- afterMethod -->
        <test-method is-config="true" signature="beforeMethod()[pri:0, instance:main.java.utility.invokeapp@2fb3536e]" started-at="2021-09-07T20:22:21 IST" name="beforeMethod" finished-at="2021-09-07T20:22:21 IST" duration-ms="30" status="PASS">
          <reporter-output>
          </reporter-output>
        </test-method> <!-- beforeMethod -->
        <test-method signature="TestCase(java.lang.String, java.lang.String, java.lang.String, java.lang.String, java.lang.String)[pri:0, instance:main.java.utility.invokeapp@2fb3536e]" started-at="2021-09-07T20:22:21 IST" name="TestCase" data-provider="fetchData" finished-at="2021-09-07T20:22:21 IST" duration-ms="1" status="PASS">
          <params>
            <param index="0">
              <value>
                <![CDATA[TC015]]>
              </value>
            </param>
            <param index="1">
              <value>
                <![CDATA[To verify the Build and Price summary page for ACCENT]]>
              </value>
            </param>
            <param index="2">
              <value>
                <![CDATA[NO]]>
              </value>
            </param>
            <param index="3">
              <value>
                <![CDATA[]]>
              </value>
            </param>
            <param index="4">
              <value>
                <![CDATA[]]>
              </value>
            </param>
          </params>
          <reporter-output>
          </reporter-output>
        </test-method> <!-- TestCase -->
        <test-method is-config="true" signature="afterMethod()[pri:0, instance:main.java.utility.invokeapp@2fb3536e]" started-at="2021-09-07T20:22:21 IST" name="afterMethod" finished-at="2021-09-07T20:22:21 IST" duration-ms="51" status="PASS">
          <reporter-output>
          </reporter-output>
        </test-method> <!-- afterMethod -->
        <test-method is-config="true" signature="beforeMethod()[pri:0, instance:main.java.utility.invokeapp@2fb3536e]" started-at="2021-09-07T20:22:21 IST" name="beforeMethod" finished-at="2021-09-07T20:22:21 IST" duration-ms="25" status="PASS">
          <reporter-output>
          </reporter-output>
        </test-method> <!-- beforeMethod -->
        <test-method signature="TestCase(java.lang.String, java.lang.String, java.lang.String, java.lang.String, java.lang.String)[pri:0, instance:main.java.utility.invokeapp@2fb3536e]" started-at="2021-09-07T20:22:21 IST" name="TestCase" data-provider="fetchData" finished-at="2021-09-07T20:22:21 IST" duration-ms="1" status="PASS">
          <params>
            <param index="0">
              <value>
                <![CDATA[TC016]]>
              </value>
            </param>
            <param index="1">
              <value>
                <![CDATA[To verify whether user is able to perform build and request a quote for ELANTRA]]>
              </value>
            </param>
            <param index="2">
              <value>
                <![CDATA[NO]]>
              </value>
            </param>
            <param index="3">
              <value>
                <![CDATA[]]>
              </value>
            </param>
            <param index="4">
              <value>
                <![CDATA[]]>
              </value>
            </param>
          </params>
          <reporter-output>
          </reporter-output>
        </test-method> <!-- TestCase -->
        <test-method is-config="true" signature="afterMethod()[pri:0, instance:main.java.utility.invokeapp@2fb3536e]" started-at="2021-09-07T20:22:21 IST" name="afterMethod" finished-at="2021-09-07T20:22:21 IST" duration-ms="46" status="PASS">
          <reporter-output>
          </reporter-output>
        </test-method> <!-- afterMethod -->
        <test-method is-config="true" signature="beforeMethod()[pri:0, instance:main.java.utility.invokeapp@2fb3536e]" started-at="2021-09-07T20:22:21 IST" name="beforeMethod" finished-at="2021-09-07T20:22:21 IST" duration-ms="28" status="PASS">
          <reporter-output>
          </reporter-output>
        </test-method> <!-- beforeMethod -->
        <test-method signature="TestCase(java.lang.String, java.lang.String, java.lang.String, java.lang.String, java.lang.String)[pri:0, instance:main.java.utility.invokeapp@2fb3536e]" started-at="2021-09-07T20:22:21 IST" name="TestCase" data-provider="fetchData" finished-at="2021-09-07T20:22:21 IST" duration-ms="1" status="PASS">
          <params>
            <param index="0">
              <value>
                <![CDATA[TC017]]>
              </value>
            </param>
            <param index="1">
              <value>
                <![CDATA[To verify whether user is able to select vehicle details in Build Your landing  page for SONATA ]]>
              </value>
            </param>
            <param index="2">
              <value>
                <![CDATA[NO]]>
              </value>
            </param>
            <param index="3">
              <value>
                <![CDATA[]]>
              </value>
            </param>
            <param index="4">
              <value>
                <![CDATA[]]>
              </value>
            </param>
          </params>
          <reporter-output>
          </reporter-output>
        </test-method> <!-- TestCase -->
        <test-method is-config="true" signature="afterMethod()[pri:0, instance:main.java.utility.invokeapp@2fb3536e]" started-at="2021-09-07T20:22:21 IST" name="afterMethod" finished-at="2021-09-07T20:22:21 IST" duration-ms="65" status="PASS">
          <reporter-output>
          </reporter-output>
        </test-method> <!-- afterMethod -->
        <test-method is-config="true" signature="beforeMethod()[pri:0, instance:main.java.utility.invokeapp@2fb3536e]" started-at="2021-09-07T20:22:21 IST" name="beforeMethod" finished-at="2021-09-07T20:22:21 IST" duration-ms="45" status="PASS">
          <reporter-output>
          </reporter-output>
        </test-method> <!-- beforeMethod -->
        <test-method signature="TestCase(java.lang.String, java.lang.String, java.lang.String, java.lang.String, java.lang.String)[pri:0, instance:main.java.utility.invokeapp@2fb3536e]" started-at="2021-09-07T20:22:21 IST" name="TestCase" data-provider="fetchData" finished-at="2021-09-07T20:22:21 IST" duration-ms="1" status="PASS">
          <params>
            <param index="0">
              <value>
                <![CDATA[TC018]]>
              </value>
            </param>
            <param index="1">
              <value>
                <![CDATA[To verify the Build and Price summary page for SONATAHybrid]]>
              </value>
            </param>
            <param index="2">
              <value>
                <![CDATA[NO]]>
              </value>
            </param>
            <param index="3">
              <value>
                <![CDATA[]]>
              </value>
            </param>
            <param index="4">
              <value>
                <![CDATA[]]>
              </value>
            </param>
          </params>
          <reporter-output>
          </reporter-output>
        </test-method> <!-- TestCase -->
        <test-method is-config="true" signature="afterMethod()[pri:0, instance:main.java.utility.invokeapp@2fb3536e]" started-at="2021-09-07T20:22:21 IST" name="afterMethod" finished-at="2021-09-07T20:22:21 IST" duration-ms="80" status="PASS">
          <reporter-output>
          </reporter-output>
        </test-method> <!-- afterMethod -->
        <test-method is-config="true" signature="beforeMethod()[pri:0, instance:main.java.utility.invokeapp@2fb3536e]" started-at="2021-09-07T20:22:21 IST" name="beforeMethod" finished-at="2021-09-07T20:22:21 IST" duration-ms="44" status="PASS">
          <reporter-output>
          </reporter-output>
        </test-method> <!-- beforeMethod -->
        <test-method signature="TestCase(java.lang.String, java.lang.String, java.lang.String, java.lang.String, java.lang.String)[pri:0, instance:main.java.utility.invokeapp@2fb3536e]" started-at="2021-09-07T20:22:21 IST" name="TestCase" data-provider="fetchData" finished-at="2021-09-07T20:22:21 IST" duration-ms="1" status="PASS">
          <params>
            <param index="0">
              <value>
                <![CDATA[TC019]]>
              </value>
            </param>
            <param index="1">
              <value>
                <![CDATA[To verify whether user is able to perform build and request a quote for 2022 Tucson]]>
              </value>
            </param>
            <param index="2">
              <value>
                <![CDATA[NO]]>
              </value>
            </param>
            <param index="3">
              <value>
                <![CDATA[]]>
              </value>
            </param>
            <param index="4">
              <value>
                <![CDATA[]]>
              </value>
            </param>
          </params>
          <reporter-output>
          </reporter-output>
        </test-method> <!-- TestCase -->
        <test-method is-config="true" signature="afterMethod()[pri:0, instance:main.java.utility.invokeapp@2fb3536e]" started-at="2021-09-07T20:22:21 IST" name="afterMethod" finished-at="2021-09-07T20:22:21 IST" duration-ms="56" status="PASS">
          <reporter-output>
          </reporter-output>
        </test-method> <!-- afterMethod -->
        <test-method is-config="true" signature="beforeMethod()[pri:0, instance:main.java.utility.invokeapp@2fb3536e]" started-at="2021-09-07T20:22:21 IST" name="beforeMethod" finished-at="2021-09-07T20:22:21 IST" duration-ms="37" status="PASS">
          <reporter-output>
          </reporter-output>
        </test-method> <!-- beforeMethod -->
        <test-method signature="TestCase(java.lang.String, java.lang.String, java.lang.String, java.lang.String, java.lang.String)[pri:0, instance:main.java.utility.invokeapp@2fb3536e]" started-at="2021-09-07T20:22:21 IST" name="TestCase" data-provider="fetchData" finished-at="2021-09-07T20:22:21 IST" duration-ms="1" status="PASS">
          <params>
            <param index="0">
              <value>
                <![CDATA[TC020]]>
              </value>
            </param>
            <param index="1">
              <value>
                <![CDATA[To verify whether user is able to select vehicle details in Build Your landing  page for IONIQHybrid]]>
              </value>
            </param>
            <param index="2">
              <value>
                <![CDATA[NO]]>
              </value>
            </param>
            <param index="3">
              <value>
                <![CDATA[]]>
              </value>
            </param>
            <param index="4">
              <value>
                <![CDATA[]]>
              </value>
            </param>
          </params>
          <reporter-output>
          </reporter-output>
        </test-method> <!-- TestCase -->
        <test-method is-config="true" signature="afterMethod()[pri:0, instance:main.java.utility.invokeapp@2fb3536e]" started-at="2021-09-07T20:22:21 IST" name="afterMethod" finished-at="2021-09-07T20:22:21 IST" duration-ms="59" status="PASS">
          <reporter-output>
          </reporter-output>
        </test-method> <!-- afterMethod -->
        <test-method is-config="true" signature="beforeMethod()[pri:0, instance:main.java.utility.invokeapp@2fb3536e]" started-at="2021-09-07T20:22:21 IST" name="beforeMethod" finished-at="2021-09-07T20:22:21 IST" duration-ms="37" status="PASS">
          <reporter-output>
          </reporter-output>
        </test-method> <!-- beforeMethod -->
        <test-method signature="TestCase(java.lang.String, java.lang.String, java.lang.String, java.lang.String, java.lang.String)[pri:0, instance:main.java.utility.invokeapp@2fb3536e]" started-at="2021-09-07T20:22:21 IST" name="TestCase" data-provider="fetchData" finished-at="2021-09-07T20:22:21 IST" duration-ms="0" status="PASS">
          <params>
            <param index="0">
              <value>
                <![CDATA[TC021]]>
              </value>
            </param>
            <param index="1">
              <value>
                <![CDATA[To verify the Build and Price summary page for IONIQPluginHybrid]]>
              </value>
            </param>
            <param index="2">
              <value>
                <![CDATA[NO]]>
              </value>
            </param>
            <param index="3">
              <value>
                <![CDATA[]]>
              </value>
            </param>
            <param index="4">
              <value>
                <![CDATA[]]>
              </value>
            </param>
          </params>
          <reporter-output>
          </reporter-output>
        </test-method> <!-- TestCase -->
        <test-method is-config="true" signature="afterMethod()[pri:0, instance:main.java.utility.invokeapp@2fb3536e]" started-at="2021-09-07T20:22:21 IST" name="afterMethod" finished-at="2021-09-07T20:22:21 IST" duration-ms="43" status="PASS">
          <reporter-output>
          </reporter-output>
        </test-method> <!-- afterMethod -->
        <test-method is-config="true" signature="beforeMethod()[pri:0, instance:main.java.utility.invokeapp@2fb3536e]" started-at="2021-09-07T20:22:21 IST" name="beforeMethod" finished-at="2021-09-07T20:22:21 IST" duration-ms="31" status="PASS">
          <reporter-output>
          </reporter-output>
        </test-method> <!-- beforeMethod -->
        <test-method signature="TestCase(java.lang.String, java.lang.String, java.lang.String, java.lang.String, java.lang.String)[pri:0, instance:main.java.utility.invokeapp@2fb3536e]" started-at="2021-09-07T20:22:21 IST" name="TestCase" data-provider="fetchData" finished-at="2021-09-07T20:22:21 IST" duration-ms="1" status="PASS">
          <params>
            <param index="0">
              <value>
                <![CDATA[TC022]]>
              </value>
            </param>
            <param index="1">
              <value>
                <![CDATA[To verify whether user is able to perform build and request a quote for IONIQElectric]]>
              </value>
            </param>
            <param index="2">
              <value>
                <![CDATA[NO]]>
              </value>
            </param>
            <param index="3">
              <value>
                <![CDATA[]]>
              </value>
            </param>
            <param index="4">
              <value>
                <![CDATA[]]>
              </value>
            </param>
          </params>
          <reporter-output>
          </reporter-output>
        </test-method> <!-- TestCase -->
        <test-method is-config="true" signature="afterMethod()[pri:0, instance:main.java.utility.invokeapp@2fb3536e]" started-at="2021-09-07T20:22:21 IST" name="afterMethod" finished-at="2021-09-07T20:22:21 IST" duration-ms="42" status="PASS">
          <reporter-output>
          </reporter-output>
        </test-method> <!-- afterMethod -->
        <test-method is-config="true" signature="beforeMethod()[pri:0, instance:main.java.utility.invokeapp@2fb3536e]" started-at="2021-09-07T20:22:21 IST" name="beforeMethod" finished-at="2021-09-07T20:22:21 IST" duration-ms="25" status="PASS">
          <reporter-output>
          </reporter-output>
        </test-method> <!-- beforeMethod -->
        <test-method signature="TestCase(java.lang.String, java.lang.String, java.lang.String, java.lang.String, java.lang.String)[pri:0, instance:main.java.utility.invokeapp@2fb3536e]" started-at="2021-09-07T20:22:21 IST" name="TestCase" data-provider="fetchData" finished-at="2021-09-07T20:22:21 IST" duration-ms="1" status="PASS">
          <params>
            <param index="0">
              <value>
                <![CDATA[TC023]]>
              </value>
            </param>
            <param index="1">
              <value>
                <![CDATA[To verify whether user is able to perform build and request a quote for VELOSTER]]>
              </value>
            </param>
            <param index="2">
              <value>
                <![CDATA[NO]]>
              </value>
            </param>
            <param index="3">
              <value>
                <![CDATA[]]>
              </value>
            </param>
            <param index="4">
              <value>
                <![CDATA[]]>
              </value>
            </param>
          </params>
          <reporter-output>
          </reporter-output>
        </test-method> <!-- TestCase -->
        <test-method is-config="true" signature="afterMethod()[pri:0, instance:main.java.utility.invokeapp@2fb3536e]" started-at="2021-09-07T20:22:21 IST" name="afterMethod" finished-at="2021-09-07T20:22:21 IST" duration-ms="44" status="PASS">
          <reporter-output>
          </reporter-output>
        </test-method> <!-- afterMethod -->
        <test-method is-config="true" signature="beforeMethod()[pri:0, instance:main.java.utility.invokeapp@2fb3536e]" started-at="2021-09-07T20:22:21 IST" name="beforeMethod" finished-at="2021-09-07T20:22:21 IST" duration-ms="36" status="PASS">
          <reporter-output>
          </reporter-output>
        </test-method> <!-- beforeMethod -->
        <test-method signature="TestCase(java.lang.String, java.lang.String, java.lang.String, java.lang.String, java.lang.String)[pri:0, instance:main.java.utility.invokeapp@2fb3536e]" started-at="2021-09-07T20:22:21 IST" name="TestCase" data-provider="fetchData" finished-at="2021-09-07T20:22:21 IST" duration-ms="1" status="PASS">
          <params>
            <param index="0">
              <value>
                <![CDATA[TC024]]>
              </value>
            </param>
            <param index="1">
              <value>
                <![CDATA[To verify whether user is able to perform build and request a quote for VELOSTERN]]>
              </value>
            </param>
            <param index="2">
              <value>
                <![CDATA[NO]]>
              </value>
            </param>
            <param index="3">
              <value>
                <![CDATA[]]>
              </value>
            </param>
            <param index="4">
              <value>
                <![CDATA[]]>
              </value>
            </param>
          </params>
          <reporter-output>
          </reporter-output>
        </test-method> <!-- TestCase -->
        <test-method is-config="true" signature="afterMethod()[pri:0, instance:main.java.utility.invokeapp@2fb3536e]" started-at="2021-09-07T20:22:21 IST" name="afterMethod" finished-at="2021-09-07T20:22:22 IST" duration-ms="45" status="PASS">
          <reporter-output>
          </reporter-output>
        </test-method> <!-- afterMethod -->
        <test-method is-config="true" signature="beforeMethod()[pri:0, instance:main.java.utility.invokeapp@2fb3536e]" started-at="2021-09-07T20:22:22 IST" name="beforeMethod" finished-at="2021-09-07T20:22:22 IST" duration-ms="36" status="PASS">
          <reporter-output>
          </reporter-output>
        </test-method> <!-- beforeMethod -->
        <test-method signature="TestCase(java.lang.String, java.lang.String, java.lang.String, java.lang.String, java.lang.String)[pri:0, instance:main.java.utility.invokeapp@2fb3536e]" started-at="2021-09-07T20:22:22 IST" name="TestCase" data-provider="fetchData" finished-at="2021-09-07T20:22:22 IST" duration-ms="2" status="PASS">
          <params>
            <param index="0">
              <value>
                <![CDATA[TC025]]>
              </value>
            </param>
            <param index="1">
              <value>
                <![CDATA[To verify whether user is able to perform build and request a quote for ELANTRAGT]]>
              </value>
            </param>
            <param index="2">
              <value>
                <![CDATA[NO]]>
              </value>
            </param>
            <param index="3">
              <value>
                <![CDATA[]]>
              </value>
            </param>
            <param index="4">
              <value>
                <![CDATA[]]>
              </value>
            </param>
          </params>
          <reporter-output>
          </reporter-output>
        </test-method> <!-- TestCase -->
        <test-method is-config="true" signature="afterMethod()[pri:0, instance:main.java.utility.invokeapp@2fb3536e]" started-at="2021-09-07T20:22:22 IST" name="afterMethod" finished-at="2021-09-07T20:22:22 IST" duration-ms="47" status="PASS">
          <reporter-output>
          </reporter-output>
        </test-method> <!-- afterMethod -->
        <test-method is-config="true" signature="beforeMethod()[pri:0, instance:main.java.utility.invokeapp@2fb3536e]" started-at="2021-09-07T20:22:22 IST" name="beforeMethod" finished-at="2021-09-07T20:22:22 IST" duration-ms="35" status="PASS">
          <reporter-output>
          </reporter-output>
        </test-method> <!-- beforeMethod -->
        <test-method signature="TestCase(java.lang.String, java.lang.String, java.lang.String, java.lang.String, java.lang.String)[pri:0, instance:main.java.utility.invokeapp@2fb3536e]" started-at="2021-09-07T20:22:22 IST" name="TestCase" data-provider="fetchData" finished-at="2021-09-07T20:22:22 IST" duration-ms="1" status="PASS">
          <params>
            <param index="0">
              <value>
                <![CDATA[TC026]]>
              </value>
            </param>
            <param index="1">
              <value>
                <![CDATA[To Verify VLP Offers section for 2021 Venue]]>
              </value>
            </param>
            <param index="2">
              <value>
                <![CDATA[NO]]>
              </value>
            </param>
            <param index="3">
              <value>
                <![CDATA[]]>
              </value>
            </param>
            <param index="4">
              <value>
                <![CDATA[]]>
              </value>
            </param>
          </params>
          <reporter-output>
          </reporter-output>
        </test-method> <!-- TestCase -->
        <test-method is-config="true" signature="afterMethod()[pri:0, instance:main.java.utility.invokeapp@2fb3536e]" started-at="2021-09-07T20:22:22 IST" name="afterMethod" finished-at="2021-09-07T20:22:22 IST" duration-ms="45" status="PASS">
          <reporter-output>
          </reporter-output>
        </test-method> <!-- afterMethod -->
        <test-method is-config="true" signature="beforeMethod()[pri:0, instance:main.java.utility.invokeapp@2fb3536e]" started-at="2021-09-07T20:22:22 IST" name="beforeMethod" finished-at="2021-09-07T20:22:22 IST" duration-ms="26" status="PASS">
          <reporter-output>
          </reporter-output>
        </test-method> <!-- beforeMethod -->
        <test-method signature="TestCase(java.lang.String, java.lang.String, java.lang.String, java.lang.String, java.lang.String)[pri:0, instance:main.java.utility.invokeapp@2fb3536e]" started-at="2021-09-07T20:22:22 IST" name="TestCase" data-provider="fetchData" finished-at="2021-09-07T20:22:22 IST" duration-ms="1" status="PASS">
          <params>
            <param index="0">
              <value>
                <![CDATA[TC027]]>
              </value>
            </param>
            <param index="1">
              <value>
                <![CDATA[To Verify VLP Kona Awards section  for 2021 Kona]]>
              </value>
            </param>
            <param index="2">
              <value>
                <![CDATA[NO]]>
              </value>
            </param>
            <param index="3">
              <value>
                <![CDATA[]]>
              </value>
            </param>
            <param index="4">
              <value>
                <![CDATA[]]>
              </value>
            </param>
          </params>
          <reporter-output>
          </reporter-output>
        </test-method> <!-- TestCase -->
        <test-method is-config="true" signature="afterMethod()[pri:0, instance:main.java.utility.invokeapp@2fb3536e]" started-at="2021-09-07T20:22:22 IST" name="afterMethod" finished-at="2021-09-07T20:22:22 IST" duration-ms="44" status="PASS">
          <reporter-output>
          </reporter-output>
        </test-method> <!-- afterMethod -->
        <test-method is-config="true" signature="beforeMethod()[pri:0, instance:main.java.utility.invokeapp@2fb3536e]" started-at="2021-09-07T20:22:22 IST" name="beforeMethod" finished-at="2021-09-07T20:22:22 IST" duration-ms="27" status="PASS">
          <reporter-output>
          </reporter-output>
        </test-method> <!-- beforeMethod -->
        <test-method signature="TestCase(java.lang.String, java.lang.String, java.lang.String, java.lang.String, java.lang.String)[pri:0, instance:main.java.utility.invokeapp@2fb3536e]" started-at="2021-09-07T20:22:22 IST" name="TestCase" data-provider="fetchData" finished-at="2021-09-07T20:22:22 IST" duration-ms="0" status="PASS">
          <params>
            <param index="0">
              <value>
                <![CDATA[TC028]]>
              </value>
            </param>
            <param index="1">
              <value>
                <![CDATA[To Verify VLP offers section request a quote submission for Veloster]]>
              </value>
            </param>
            <param index="2">
              <value>
                <![CDATA[NO]]>
              </value>
            </param>
            <param index="3">
              <value>
                <![CDATA[]]>
              </value>
            </param>
            <param index="4">
              <value>
                <![CDATA[]]>
              </value>
            </param>
          </params>
          <reporter-output>
          </reporter-output>
        </test-method> <!-- TestCase -->
        <test-method is-config="true" signature="afterMethod()[pri:0, instance:main.java.utility.invokeapp@2fb3536e]" started-at="2021-09-07T20:22:22 IST" name="afterMethod" finished-at="2021-09-07T20:22:22 IST" duration-ms="46" status="PASS">
          <reporter-output>
          </reporter-output>
        </test-method> <!-- afterMethod -->
        <test-method is-config="true" signature="beforeMethod()[pri:0, instance:main.java.utility.invokeapp@2fb3536e]" started-at="2021-09-07T20:22:22 IST" name="beforeMethod" finished-at="2021-09-07T20:22:22 IST" duration-ms="27" status="PASS">
          <reporter-output>
          </reporter-output>
        </test-method> <!-- beforeMethod -->
        <test-method signature="TestCase(java.lang.String, java.lang.String, java.lang.String, java.lang.String, java.lang.String)[pri:0, instance:main.java.utility.invokeapp@2fb3536e]" started-at="2021-09-07T20:22:22 IST" name="TestCase" data-provider="fetchData" finished-at="2021-09-07T20:22:22 IST" duration-ms="0" status="PASS">
          <params>
            <param index="0">
              <value>
                <![CDATA[TC029]]>
              </value>
            </param>
            <param index="1">
              <value>
                <![CDATA[To Verify VLP Hyudnai Difference navigation  for  2021 Tucson]]>
              </value>
            </param>
            <param index="2">
              <value>
                <![CDATA[NO]]>
              </value>
            </param>
            <param index="3">
              <value>
                <![CDATA[]]>
              </value>
            </param>
            <param index="4">
              <value>
                <![CDATA[]]>
              </value>
            </param>
          </params>
          <reporter-output>
          </reporter-output>
        </test-method> <!-- TestCase -->
        <test-method is-config="true" signature="afterMethod()[pri:0, instance:main.java.utility.invokeapp@2fb3536e]" started-at="2021-09-07T20:22:22 IST" name="afterMethod" finished-at="2021-09-07T20:22:22 IST" duration-ms="37" status="PASS">
          <reporter-output>
          </reporter-output>
        </test-method> <!-- afterMethod -->
        <test-method is-config="true" signature="beforeMethod()[pri:0, instance:main.java.utility.invokeapp@2fb3536e]" started-at="2021-09-07T20:22:22 IST" name="beforeMethod" finished-at="2021-09-07T20:22:22 IST" duration-ms="25" status="PASS">
          <reporter-output>
          </reporter-output>
        </test-method> <!-- beforeMethod -->
        <test-method signature="TestCase(java.lang.String, java.lang.String, java.lang.String, java.lang.String, java.lang.String)[pri:0, instance:main.java.utility.invokeapp@2fb3536e]" started-at="2021-09-07T20:22:22 IST" name="TestCase" data-provider="fetchData" finished-at="2021-09-07T20:22:22 IST" duration-ms="1" status="PASS">
          <params>
            <param index="0">
              <value>
                <![CDATA[TC030]]>
              </value>
            </param>
            <param index="1">
              <value>
                <![CDATA[To Verify VLPoffers section request a quote for 2020 Santa Fe]]>
              </value>
            </param>
            <param index="2">
              <value>
                <![CDATA[NO]]>
              </value>
            </param>
            <param index="3">
              <value>
                <![CDATA[]]>
              </value>
            </param>
            <param index="4">
              <value>
                <![CDATA[]]>
              </value>
            </param>
          </params>
          <reporter-output>
          </reporter-output>
        </test-method> <!-- TestCase -->
        <test-method is-config="true" signature="afterMethod()[pri:0, instance:main.java.utility.invokeapp@2fb3536e]" started-at="2021-09-07T20:22:22 IST" name="afterMethod" finished-at="2021-09-07T20:22:22 IST" duration-ms="39" status="PASS">
          <reporter-output>
          </reporter-output>
        </test-method> <!-- afterMethod -->
        <test-method is-config="true" signature="beforeMethod()[pri:0, instance:main.java.utility.invokeapp@2fb3536e]" started-at="2021-09-07T20:22:22 IST" name="beforeMethod" finished-at="2021-09-07T20:22:22 IST" duration-ms="33" status="PASS">
          <reporter-output>
          </reporter-output>
        </test-method> <!-- beforeMethod -->
        <test-method signature="TestCase(java.lang.String, java.lang.String, java.lang.String, java.lang.String, java.lang.String)[pri:0, instance:main.java.utility.invokeapp@2fb3536e]" started-at="2021-09-07T20:22:22 IST" name="TestCase" data-provider="fetchData" finished-at="2021-09-07T20:22:22 IST" duration-ms="1" status="PASS">
          <params>
            <param index="0">
              <value>
                <![CDATA[TC031]]>
              </value>
            </param>
            <param index="1">
              <value>
                <![CDATA[To Verify VLP offers section  for 2021 Hyundai Palisade]]>
              </value>
            </param>
            <param index="2">
              <value>
                <![CDATA[NO]]>
              </value>
            </param>
            <param index="3">
              <value>
                <![CDATA[]]>
              </value>
            </param>
            <param index="4">
              <value>
                <![CDATA[]]>
              </value>
            </param>
          </params>
          <reporter-output>
          </reporter-output>
        </test-method> <!-- TestCase -->
        <test-method is-config="true" signature="afterMethod()[pri:0, instance:main.java.utility.invokeapp@2fb3536e]" started-at="2021-09-07T20:22:22 IST" name="afterMethod" finished-at="2021-09-07T20:22:22 IST" duration-ms="44" status="PASS">
          <reporter-output>
          </reporter-output>
        </test-method> <!-- afterMethod -->
        <test-method is-config="true" signature="beforeMethod()[pri:0, instance:main.java.utility.invokeapp@2fb3536e]" started-at="2021-09-07T20:22:22 IST" name="beforeMethod" finished-at="2021-09-07T20:22:22 IST" duration-ms="30" status="PASS">
          <reporter-output>
          </reporter-output>
        </test-method> <!-- beforeMethod -->
        <test-method signature="TestCase(java.lang.String, java.lang.String, java.lang.String, java.lang.String, java.lang.String)[pri:0, instance:main.java.utility.invokeapp@2fb3536e]" started-at="2021-09-07T20:22:22 IST" name="TestCase" data-provider="fetchData" finished-at="2021-09-07T20:22:22 IST" duration-ms="1" status="PASS">
          <params>
            <param index="0">
              <value>
                <![CDATA[TC032]]>
              </value>
            </param>
            <param index="1">
              <value>
                <![CDATA[To Verify VLP Hyundai difference section for Ioniq Hybrid]]>
              </value>
            </param>
            <param index="2">
              <value>
                <![CDATA[NO]]>
              </value>
            </param>
            <param index="3">
              <value>
                <![CDATA[]]>
              </value>
            </param>
            <param index="4">
              <value>
                <![CDATA[]]>
              </value>
            </param>
          </params>
          <reporter-output>
          </reporter-output>
        </test-method> <!-- TestCase -->
        <test-method is-config="true" signature="afterMethod()[pri:0, instance:main.java.utility.invokeapp@2fb3536e]" started-at="2021-09-07T20:22:22 IST" name="afterMethod" finished-at="2021-09-07T20:22:22 IST" duration-ms="45" status="PASS">
          <reporter-output>
          </reporter-output>
        </test-method> <!-- afterMethod -->
        <test-method is-config="true" signature="beforeMethod()[pri:0, instance:main.java.utility.invokeapp@2fb3536e]" started-at="2021-09-07T20:22:22 IST" name="beforeMethod" finished-at="2021-09-07T20:22:22 IST" duration-ms="32" status="PASS">
          <reporter-output>
          </reporter-output>
        </test-method> <!-- beforeMethod -->
        <test-method signature="TestCase(java.lang.String, java.lang.String, java.lang.String, java.lang.String, java.lang.String)[pri:0, instance:main.java.utility.invokeapp@2fb3536e]" started-at="2021-09-07T20:22:22 IST" name="TestCase" data-provider="fetchData" finished-at="2021-09-07T20:22:22 IST" duration-ms="0" status="PASS">
          <params>
            <param index="0">
              <value>
                <![CDATA[TC033]]>
              </value>
            </param>
            <param index="1">
              <value>
                <![CDATA[To Verify VLP  offers section  fo section for 2021 Accent]]>
              </value>
            </param>
            <param index="2">
              <value>
                <![CDATA[NO]]>
              </value>
            </param>
            <param index="3">
              <value>
                <![CDATA[]]>
              </value>
            </param>
            <param index="4">
              <value>
                <![CDATA[]]>
              </value>
            </param>
          </params>
          <reporter-output>
          </reporter-output>
        </test-method> <!-- TestCase -->
        <test-method is-config="true" signature="afterMethod()[pri:0, instance:main.java.utility.invokeapp@2fb3536e]" started-at="2021-09-07T20:22:22 IST" name="afterMethod" finished-at="2021-09-07T20:22:22 IST" duration-ms="44" status="PASS">
          <reporter-output>
          </reporter-output>
        </test-method> <!-- afterMethod -->
        <test-method is-config="true" signature="beforeMethod()[pri:0, instance:main.java.utility.invokeapp@2fb3536e]" started-at="2021-09-07T20:22:22 IST" name="beforeMethod" finished-at="2021-09-07T20:22:22 IST" duration-ms="35" status="PASS">
          <reporter-output>
          </reporter-output>
        </test-method> <!-- beforeMethod -->
        <test-method signature="TestCase(java.lang.String, java.lang.String, java.lang.String, java.lang.String, java.lang.String)[pri:0, instance:main.java.utility.invokeapp@2fb3536e]" started-at="2021-09-07T20:22:22 IST" name="TestCase" data-provider="fetchData" finished-at="2021-09-07T20:22:22 IST" duration-ms="2" status="PASS">
          <params>
            <param index="0">
              <value>
                <![CDATA[TC034]]>
              </value>
            </param>
            <param index="1">
              <value>
                <![CDATA[To Verify VLP offers section  navigation  for 2021 Elantra]]>
              </value>
            </param>
            <param index="2">
              <value>
                <![CDATA[NO]]>
              </value>
            </param>
            <param index="3">
              <value>
                <![CDATA[]]>
              </value>
            </param>
            <param index="4">
              <value>
                <![CDATA[]]>
              </value>
            </param>
          </params>
          <reporter-output>
          </reporter-output>
        </test-method> <!-- TestCase -->
        <test-method is-config="true" signature="afterMethod()[pri:0, instance:main.java.utility.invokeapp@2fb3536e]" started-at="2021-09-07T20:22:22 IST" name="afterMethod" finished-at="2021-09-07T20:22:22 IST" duration-ms="40" status="PASS">
          <reporter-output>
          </reporter-output>
        </test-method> <!-- afterMethod -->
        <test-method is-config="true" signature="beforeMethod()[pri:0, instance:main.java.utility.invokeapp@2fb3536e]" started-at="2021-09-07T20:22:22 IST" name="beforeMethod" finished-at="2021-09-07T20:22:22 IST" duration-ms="35" status="PASS">
          <reporter-output>
          </reporter-output>
        </test-method> <!-- beforeMethod -->
        <test-method signature="TestCase(java.lang.String, java.lang.String, java.lang.String, java.lang.String, java.lang.String)[pri:0, instance:main.java.utility.invokeapp@2fb3536e]" started-at="2021-09-07T20:22:22 IST" name="TestCase" data-provider="fetchData" finished-at="2021-09-07T20:22:22 IST" duration-ms="1" status="PASS">
          <params>
            <param index="0">
              <value>
                <![CDATA[TC035]]>
              </value>
            </param>
            <param index="1">
              <value>
                <![CDATA[To Verify VLP offers section for 2021 Sonata]]>
              </value>
            </param>
            <param index="2">
              <value>
                <![CDATA[NO]]>
              </value>
            </param>
            <param index="3">
              <value>
                <![CDATA[]]>
              </value>
            </param>
            <param index="4">
              <value>
                <![CDATA[]]>
              </value>
            </param>
          </params>
          <reporter-output>
          </reporter-output>
        </test-method> <!-- TestCase -->
        <test-method is-config="true" signature="afterMethod()[pri:0, instance:main.java.utility.invokeapp@2fb3536e]" started-at="2021-09-07T20:22:22 IST" name="afterMethod" finished-at="2021-09-07T20:22:22 IST" duration-ms="57" status="PASS">
          <reporter-output>
          </reporter-output>
        </test-method> <!-- afterMethod -->
        <test-method is-config="true" signature="beforeMethod()[pri:0, instance:main.java.utility.invokeapp@2fb3536e]" started-at="2021-09-07T20:22:22 IST" name="beforeMethod" finished-at="2021-09-07T20:22:22 IST" duration-ms="37" status="PASS">
          <reporter-output>
          </reporter-output>
        </test-method> <!-- beforeMethod -->
        <test-method signature="TestCase(java.lang.String, java.lang.String, java.lang.String, java.lang.String, java.lang.String)[pri:0, instance:main.java.utility.invokeapp@2fb3536e]" started-at="2021-09-07T20:22:22 IST" name="TestCase" data-provider="fetchData" finished-at="2021-09-07T20:22:22 IST" duration-ms="1" status="PASS">
          <params>
            <param index="0">
              <value>
                <![CDATA[TC036]]>
              </value>
            </param>
            <param index="1">
              <value>
                <![CDATA[To Verify the VLP Page of Overview,Trims,Gallery&Specs section for 2021 Venue]]>
              </value>
            </param>
            <param index="2">
              <value>
                <![CDATA[NO]]>
              </value>
            </param>
            <param index="3">
              <value>
                <![CDATA[]]>
              </value>
            </param>
            <param index="4">
              <value>
                <![CDATA[]]>
              </value>
            </param>
          </params>
          <reporter-output>
          </reporter-output>
        </test-method> <!-- TestCase -->
        <test-method is-config="true" signature="afterMethod()[pri:0, instance:main.java.utility.invokeapp@2fb3536e]" started-at="2021-09-07T20:22:22 IST" name="afterMethod" finished-at="2021-09-07T20:22:22 IST" duration-ms="46" status="PASS">
          <reporter-output>
          </reporter-output>
        </test-method> <!-- afterMethod -->
        <test-method is-config="true" signature="beforeMethod()[pri:0, instance:main.java.utility.invokeapp@2fb3536e]" started-at="2021-09-07T20:22:22 IST" name="beforeMethod" finished-at="2021-09-07T20:22:23 IST" duration-ms="36" status="PASS">
          <reporter-output>
          </reporter-output>
        </test-method> <!-- beforeMethod -->
        <test-method signature="TestCase(java.lang.String, java.lang.String, java.lang.String, java.lang.String, java.lang.String)[pri:0, instance:main.java.utility.invokeapp@2fb3536e]" started-at="2021-09-07T20:22:23 IST" name="TestCase" data-provider="fetchData" finished-at="2021-09-07T20:22:23 IST" duration-ms="1" status="PASS">
          <params>
            <param index="0">
              <value>
                <![CDATA[TC037]]>
              </value>
            </param>
            <param index="1">
              <value>
                <![CDATA[To Verify the VLP Page of Overview,Trims,Gallery&Specs section for 2022 Kona]]>
              </value>
            </param>
            <param index="2">
              <value>
                <![CDATA[NO]]>
              </value>
            </param>
            <param index="3">
              <value>
                <![CDATA[]]>
              </value>
            </param>
            <param index="4">
              <value>
                <![CDATA[]]>
              </value>
            </param>
          </params>
          <reporter-output>
          </reporter-output>
        </test-method> <!-- TestCase -->
        <test-method is-config="true" signature="afterMethod()[pri:0, instance:main.java.utility.invokeapp@2fb3536e]" started-at="2021-09-07T20:22:23 IST" name="afterMethod" finished-at="2021-09-07T20:22:23 IST" duration-ms="61" status="PASS">
          <reporter-output>
          </reporter-output>
        </test-method> <!-- afterMethod -->
        <test-method is-config="true" signature="beforeMethod()[pri:0, instance:main.java.utility.invokeapp@2fb3536e]" started-at="2021-09-07T20:22:23 IST" name="beforeMethod" finished-at="2021-09-07T20:22:23 IST" duration-ms="49" status="PASS">
          <reporter-output>
          </reporter-output>
        </test-method> <!-- beforeMethod -->
        <test-method signature="TestCase(java.lang.String, java.lang.String, java.lang.String, java.lang.String, java.lang.String)[pri:0, instance:main.java.utility.invokeapp@2fb3536e]" started-at="2021-09-07T20:22:23 IST" name="TestCase" data-provider="fetchData" finished-at="2021-09-07T20:22:23 IST" duration-ms="1" status="PASS">
          <params>
            <param index="0">
              <value>
                <![CDATA[TC038]]>
              </value>
            </param>
            <param index="1">
              <value>
                <![CDATA[To Verify the VLP Page of Overview,Trims,Gallery&Specs section for Kona Electric]]>
              </value>
            </param>
            <param index="2">
              <value>
                <![CDATA[NO]]>
              </value>
            </param>
            <param index="3">
              <value>
                <![CDATA[]]>
              </value>
            </param>
            <param index="4">
              <value>
                <![CDATA[]]>
              </value>
            </param>
          </params>
          <reporter-output>
          </reporter-output>
        </test-method> <!-- TestCase -->
        <test-method is-config="true" signature="afterMethod()[pri:0, instance:main.java.utility.invokeapp@2fb3536e]" started-at="2021-09-07T20:22:23 IST" name="afterMethod" finished-at="2021-09-07T20:22:23 IST" duration-ms="45" status="PASS">
          <reporter-output>
          </reporter-output>
        </test-method> <!-- afterMethod -->
        <test-method is-config="true" signature="beforeMethod()[pri:0, instance:main.java.utility.invokeapp@2fb3536e]" started-at="2021-09-07T20:22:23 IST" name="beforeMethod" finished-at="2021-09-07T20:22:23 IST" duration-ms="55" status="PASS">
          <reporter-output>
          </reporter-output>
        </test-method> <!-- beforeMethod -->
        <test-method signature="TestCase(java.lang.String, java.lang.String, java.lang.String, java.lang.String, java.lang.String)[pri:0, instance:main.java.utility.invokeapp@2fb3536e]" started-at="2021-09-07T20:22:23 IST" name="TestCase" data-provider="fetchData" finished-at="2021-09-07T20:22:23 IST" duration-ms="1" status="PASS">
          <params>
            <param index="0">
              <value>
                <![CDATA[TC039]]>
              </value>
            </param>
            <param index="1">
              <value>
                <![CDATA[To Verify the VLP Page of Overview,Trims,Gallery&Specs section for 2021 Tucson]]>
              </value>
            </param>
            <param index="2">
              <value>
                <![CDATA[NO]]>
              </value>
            </param>
            <param index="3">
              <value>
                <![CDATA[]]>
              </value>
            </param>
            <param index="4">
              <value>
                <![CDATA[]]>
              </value>
            </param>
          </params>
          <reporter-output>
          </reporter-output>
        </test-method> <!-- TestCase -->
        <test-method is-config="true" signature="afterMethod()[pri:0, instance:main.java.utility.invokeapp@2fb3536e]" started-at="2021-09-07T20:22:23 IST" name="afterMethod" finished-at="2021-09-07T20:22:23 IST" duration-ms="69" status="PASS">
          <reporter-output>
          </reporter-output>
        </test-method> <!-- afterMethod -->
        <test-method is-config="true" signature="beforeMethod()[pri:0, instance:main.java.utility.invokeapp@2fb3536e]" started-at="2021-09-07T20:22:23 IST" name="beforeMethod" finished-at="2021-09-07T20:22:23 IST" duration-ms="50" status="PASS">
          <reporter-output>
          </reporter-output>
        </test-method> <!-- beforeMethod -->
        <test-method signature="TestCase(java.lang.String, java.lang.String, java.lang.String, java.lang.String, java.lang.String)[pri:0, instance:main.java.utility.invokeapp@2fb3536e]" started-at="2021-09-07T20:22:23 IST" name="TestCase" data-provider="fetchData" finished-at="2021-09-07T20:22:23 IST" duration-ms="2" status="PASS">
          <params>
            <param index="0">
              <value>
                <![CDATA[TC040]]>
              </value>
            </param>
            <param index="1">
              <value>
                <![CDATA[To Verify the VLP Page of Overview,Trims,Gallery&Specs section for 2021  Santa Fe]]>
              </value>
            </param>
            <param index="2">
              <value>
                <![CDATA[NO]]>
              </value>
            </param>
            <param index="3">
              <value>
                <![CDATA[]]>
              </value>
            </param>
            <param index="4">
              <value>
                <![CDATA[]]>
              </value>
            </param>
          </params>
          <reporter-output>
          </reporter-output>
        </test-method> <!-- TestCase -->
        <test-method is-config="true" signature="afterMethod()[pri:0, instance:main.java.utility.invokeapp@2fb3536e]" started-at="2021-09-07T20:22:23 IST" name="afterMethod" finished-at="2021-09-07T20:22:23 IST" duration-ms="89" status="PASS">
          <reporter-output>
          </reporter-output>
        </test-method> <!-- afterMethod -->
      </class> <!-- main.java.utility.invokeapp -->
    </test> <!-- Test -->
  </suite> <!-- Suite -->
</testng-results>
