<?xml version="1.0" encoding="UTF-8"?>
<!-- Generated by org.testng.reporters.JUnitXMLReporter -->
<testsuite hostname="LAPTOP-379A2RE2" ignored="8" name="Test" tests="40" failures="1" timestamp="2022-02-17T21:41:26 IST" time="182.857" errors="0">
  <testcase name="TestCase" time="0.035" classname="main.java.utility.invokeapp"/>
  <testcase name="TestCase" time="0.007" classname="main.java.utility.invokeapp"/>
  <testcase name="TestCase" time="0.004" classname="main.java.utility.invokeapp"/>
  <testcase name="TestCase" time="99.443" classname="main.java.utility.invokeapp">
    <failure type="java.lang.RuntimeException" message="FAILED">
      <![CDATA[java.lang.RuntimeException: FAILED
at main.java.utility.Reporter.reportStep(Reporter.java:85)
at main.java.utility.Reporter.reportStep(Reporter.java:96)
at main.java.commonComponents.Commoncomponents.clickByXpath(Commoncomponents.java:334)
at main.java.pagesobject.Search_Inventory.vehicleModel(Search_Inventory.java:99)
at main.java.testcase.Testcase.getsetData(Testcase.java:44)
at main.java.utility.invokeapp.TestCase(invokeapp.java:25)
at java.util.ArrayList.forEach(ArrayList.java:1259)
... Removed 27 stack frames]]>
    </failure>
  </testcase> <!-- TestCase -->
  <testcase name="TestCase" time="0.001" classname="main.java.utility.invokeapp"/>
  <testcase name="TestCase" time="0.001" classname="main.java.utility.invokeapp"/>
  <testcase name="TestCase" time="0.001" classname="main.java.utility.invokeapp"/>
  <testcase name="TestCase" time="0.003" classname="main.java.utility.invokeapp"/>
  <testcase name="TestCase" time="0.002" classname="main.java.utility.invokeapp"/>
  <testcase name="TestCase" time="0.002" classname="main.java.utility.invokeapp"/>
  <testcase name="TestCase" time="0.002" classname="main.java.utility.invokeapp"/>
  <testcase name="TestCase" time="0.001" classname="main.java.utility.invokeapp"/>
  <testcase name="TestCase" time="0.002" classname="main.java.utility.invokeapp"/>
  <testcase name="TestCase" time="0.001" classname="main.java.utility.invokeapp"/>
  <testcase name="TestCase" time="0.002" classname="main.java.utility.invokeapp"/>
  <testcase name="TestCase" time="0.002" classname="main.java.utility.invokeapp"/>
  <testcase name="TestCase" time="0.001" classname="main.java.utility.invokeapp"/>
  <testcase name="TestCase" time="0.001" classname="main.java.utility.invokeapp"/>
  <testcase name="TestCase" time="0.003" classname="main.java.utility.invokeapp"/>
  <testcase name="TestCase" time="0.001" classname="main.java.utility.invokeapp"/>
  <testcase name="TestCase" time="0.001" classname="main.java.utility.invokeapp"/>
  <testcase name="TestCase" time="0.001" classname="main.java.utility.invokeapp"/>
  <testcase name="TestCase" time="0.001" classname="main.java.utility.invokeapp"/>
  <testcase name="TestCase" time="0.002" classname="main.java.utility.invokeapp"/>
  <testcase name="TestCase" time="0.002" classname="main.java.utility.invokeapp"/>
  <testcase name="TestCase" time="0.001" classname="main.java.utility.invokeapp"/>
  <testcase name="TestCase" time="0.001" classname="main.java.utility.invokeapp"/>
  <testcase name="TestCase" time="0.001" classname="main.java.utility.invokeapp"/>
  <testcase name="TestCase" time="0.001" classname="main.java.utility.invokeapp"/>
  <testcase name="TestCase" time="0.001" classname="main.java.utility.invokeapp"/>
  <testcase name="TestCase" time="0.001" classname="main.java.utility.invokeapp"/>
  <testcase name="TestCase" time="0.003" classname="main.java.utility.invokeapp"/>
  <testcase name="TestCase" time="0.001" classname="main.java.utility.invokeapp"/>
  <testcase name="TestCase" time="0.001" classname="main.java.utility.invokeapp"/>
  <testcase name="TestCase" time="0.001" classname="main.java.utility.invokeapp"/>
  <testcase name="TestCase" time="0.002" classname="main.java.utility.invokeapp"/>
  <testcase name="TestCase" time="0.001" classname="main.java.utility.invokeapp"/>
  <testcase name="TestCase" time="0.001" classname="main.java.utility.invokeapp"/>
  <testcase name="TestCase" time="0.002" classname="main.java.utility.invokeapp"/>
  <testcase name="TestCase" time="0.001" classname="main.java.utility.invokeapp"/>
  <testcase name="@BeforeTest beforeTest" time="0.0" classname="main.java.utility.Projectcommonmethodes">
    <ignored/>
  </testcase> <!-- @BeforeTest beforeTest -->
  <testcase name="@BeforeTest beforeTest" time="0.0" classname="main.java.utility.Projectcommonmethodes">
    <ignored/>
  </testcase> <!-- @BeforeTest beforeTest -->
  <testcase name="@AfterTest afterTest" time="0.0" classname="main.java.utility.Projectcommonmethodes">
    <ignored/>
  </testcase> <!-- @AfterTest afterTest -->
  <testcase name="@AfterTest afterTest" time="0.0" classname="main.java.utility.Projectcommonmethodes">
    <ignored/>
  </testcase> <!-- @AfterTest afterTest -->
  <testcase name="@AfterSuite afterSuite" time="0.0" classname="main.java.utility.Projectcommonmethodes">
    <ignored/>
  </testcase> <!-- @AfterSuite afterSuite -->
  <testcase name="@AfterSuite afterSuite" time="0.0" classname="main.java.utility.Projectcommonmethodes">
    <ignored/>
  </testcase> <!-- @AfterSuite afterSuite -->
  <testcase name="@BeforeSuite beforeSuite" time="0.0" classname="main.java.utility.Projectcommonmethodes">
    <ignored/>
  </testcase> <!-- @BeforeSuite beforeSuite -->
  <testcase name="@BeforeSuite beforeSuite" time="0.0" classname="main.java.utility.Projectcommonmethodes">
    <ignored/>
  </testcase> <!-- @BeforeSuite beforeSuite -->
</testsuite> <!-- Test -->
